[    3729ms] [WARNING]  [33m[1m⚠[22m[39m Runtime config is deprecated and will be removed in Next.js 16. Please remove the usage of "next/config" from your project. @ https://gamma.app/_next/static/chunks/pages/_app-eaff171f3ef4237b.js?dpl=dpl_5vK3iAqqeaxuu14kUvpuVkw9hF8U:550
[    4216ms] [WARNING] Canvas2D: Multiple readback operations using getImageData are faster with the willReadFrequently attribute set to true. See: https://html.spec.whatwg.org/multipage/canvas.html#concept-canvas-will-read-frequently @ https://gamma.app/_next/static/chunks/a02d8926.a4a09b3736637a56.js?dpl=dpl_5vK3iAqqeaxuu14kUvpuVkw9hF8U:0
[    4995ms] [WARNING] WebSocket connection to 'wss://api.gamma.app/graphql' failed: WebSocket is closed before the connection is established. @ https://gamma.app/_next/static/chunks/pages/_app-eaff171f3ef4237b.js?dpl=dpl_5vK3iAqqeaxuu14kUvpuVkw9hF8U:246
[    6576ms] [ERROR] Error: <svg> attribute height: Expected length, "auto". @ https://gamma.app/_next/static/chunks/framework-2643ed217c049391.js?dpl=dpl_5vK3iAqqeaxuu14kUvpuVkw9hF8U:0
[    7400ms] [ERROR] Error: <svg> attribute height: Expected length, "auto". @ https://gamma.app/_next/static/chunks/framework-2643ed217c049391.js?dpl=dpl_5vK3iAqqeaxuu14kUvpuVkw9hF8U:0
[   28496ms] [WARNING] TextSelection endpoint not pointing into a node with inline content (document) @ https://gamma.app/_next/static/chunks/pages/_app-eaff171f3ef4237b.js?dpl=dpl_5vK3iAqqeaxuu14kUvpuVkw9hF8U:550
[   28583ms] [ERROR] Error: <svg> attribute height: Expected length, "auto". @ https://gamma.app/_next/static/chunks/framework-2643ed217c049391.js?dpl=dpl_5vK3iAqqeaxuu14kUvpuVkw9hF8U:0
[   28665ms] [WARNING] Intercom - Google Analytics is not installed or configured, have you forgotten to include it? @ https://js.intercomcdn.com/frame-modern.705be58e.js:0
[   39791ms] [WARNING] WebSocket connection to 'wss://nexus-websocket-a.intercom.io/pubsub/5-HnsdFs7UNGm-OOt5yEYjxJXLkF8zG-Ffqv9SkAwGWbLeR8lL3CE3TA0Tt_ldF6OPJruZMT1LoBGyzndDMBQlC7GIBFPIBYg1AUjB?X-Nexus-New-Client=true&X-Nexus-Version=0.18.5&user_role=user' failed: WebSocket is closed before the connection is established. @ https://js.intercomcdn.com/vendor-modern.739062aa.js:1
[   74268ms] [WARNING] WebSocket connection to 'wss://nexus-websocket-a.intercom.io/pubsub/5-HnsdFs7UNGm-OOt5yEYjxJXLkF8zG-Ffqv9SkAwGWbLeR8lL3CE3TA0Tt_ldF6OPJruZMT1LoBGyzndDMBQlC7GIBFPIBYg1AUjB?X-Nexus-New-Client=true&X-Nexus-Version=0.18.5&user_role=user' failed: WebSocket is closed before the connection is established. @ https://js.intercomcdn.com/vendor-modern.739062aa.js:1
[  106444ms] [WARNING] WebSocket connection to 'wss://nexus-websocket-a.intercom.io/pubsub/5-HnsdFs7UNGm-OOt5yEYjxJXLkF8zG-Ffqv9SkAwGWbLeR8lL3CE3TA0Tt_ldF6OPJruZMT1LoBGyzndDMBQlC7GIBFPIBYg1AUjB?X-Nexus-New-Client=true&X-Nexus-Version=0.18.5&user_role=user' failed: WebSocket is closed before the connection is established. @ https://js.intercomcdn.com/vendor-modern.739062aa.js:1
[  130261ms] [ERROR] Error: <svg> attribute height: Expected length, "auto". @ chrome-extension://dbjibobgilijgolhjdcbdebjhejelffo/static/js/36463.js:0
[  130262ms] [ERROR] Error: <svg> attribute height: Expected length, "auto". @ chrome-extension://dbjibobgilijgolhjdcbdebjhejelffo/static/js/36463.js:0
[  142740ms] [WARNING] WebSocket connection to 'wss://nexus-websocket-a.intercom.io/pubsub/5-HnsdFs7UNGm-OOt5yEYjxJXLkF8zG-Ffqv9SkAwGWbLeR8lL3CE3TA0Tt_ldF6OPJruZMT1LoBGyzndDMBQlC7GIBFPIBYg1AUjB?X-Nexus-New-Client=true&X-Nexus-Version=0.18.5&user_role=user' failed: WebSocket is closed before the connection is established. @ https://js.intercomcdn.com/vendor-modern.739062aa.js:1
[  193691ms] [WARNING] WebSocket connection to 'wss://nexus-websocket-a.intercom.io/pubsub/5-HnsdFs7UNGm-OOt5yEYjxJXLkF8zG-Ffqv9SkAwGWbLeR8lL3CE3TA0Tt_ldF6OPJruZMT1LoBGyzndDMBQlC7GIBFPIBYg1AUjB?X-Nexus-New-Client=true&X-Nexus-Version=0.18.5&user_role=user' failed: WebSocket is closed before the connection is established. @ https://js.intercomcdn.com/vendor-modern.739062aa.js:1
[  198501ms] [WARNING] WebSocket connection to 'wss://api.gamma.app/graphql' failed: WebSocket is closed before the connection is established. @ https://gamma.app/_next/static/chunks/pages/_app-eaff171f3ef4237b.js?dpl=dpl_5vK3iAqqeaxuu14kUvpuVkw9hF8U:246
[  199959ms] [WARNING] WebSocket connection to 'wss://api.gamma.app/graphql' failed: WebSocket is closed before the connection is established. @ https://gamma.app/_next/static/chunks/pages/_app-eaff171f3ef4237b.js?dpl=dpl_5vK3iAqqeaxuu14kUvpuVkw9hF8U:246
[  223695ms] [WARNING] WebSocket connection to 'wss://nexus-websocket-a.intercom.io/pubsub/5-HnsdFs7UNGm-OOt5yEYjxJXLkF8zG-Ffqv9SkAwGWbLeR8lL3CE3TA0Tt_ldF6OPJruZMT1LoBGyzndDMBQlC7GIBFPIBYg1AUjB?X-Nexus-New-Client=true&X-Nexus-Version=0.18.5&user_role=user' failed: WebSocket is closed before the connection is established. @ https://js.intercomcdn.com/vendor-modern.739062aa.js:1
[  256850ms] [WARNING] WebSocket connection to 'wss://nexus-websocket-a.intercom.io/pubsub/5-HnsdFs7UNGm-OOt5yEYjxJXLkF8zG-Ffqv9SkAwGWbLeR8lL3CE3TA0Tt_ldF6OPJruZMT1LoBGyzndDMBQlC7GIBFPIBYg1AUjB?X-Nexus-New-Client=true&X-Nexus-Version=0.18.5&user_role=user' failed: WebSocket is closed before the connection is established. @ https://js.intercomcdn.com/vendor-modern.739062aa.js:1
[  291559ms] [WARNING] WebSocket connection to 'wss://nexus-websocket-a.intercom.io/pubsub/5-HnsdFs7UNGm-OOt5yEYjxJXLkF8zG-Ffqv9SkAwGWbLeR8lL3CE3TA0Tt_ldF6OPJruZMT1LoBGyzndDMBQlC7GIBFPIBYg1AUjB?X-Nexus-New-Client=true&X-Nexus-Version=0.18.5&user_role=user' failed: WebSocket is closed before the connection is established. @ https://js.intercomcdn.com/vendor-modern.739062aa.js:1
[  336615ms] [WARNING] WebSocket connection to 'wss://nexus-websocket-a.intercom.io/pubsub/5-HnsdFs7UNGm-OOt5yEYjxJXLkF8zG-Ffqv9SkAwGWbLeR8lL3CE3TA0Tt_ldF6OPJruZMT1LoBGyzndDMBQlC7GIBFPIBYg1AUjB?X-Nexus-New-Client=true&X-Nexus-Version=0.18.5&user_role=user' failed: WebSocket is closed before the connection is established. @ https://js.intercomcdn.com/vendor-modern.739062aa.js:1
[  371604ms] [ERROR] WebSocket connection to 'wss://nexus-websocket-a.intercom.io/pubsub/5-HnsdFs7UNGm-OOt5yEYjxJXLkF8zG-Ffqv9SkAwGWbLeR8lL3CE3TA0Tt_ldF6OPJruZMT1LoBGyzndDMBQlC7GIBFPIBYg1AUjB?X-Nexus-New-Client=true&X-Nexus-Version=0.18.5&user_role=user' failed:  @ https://js.intercomcdn.com/vendor-modern.739062aa.js:1
[  372354ms] [ERROR] WebSocket connection to 'wss://nexus-websocket-a.intercom.io/pubsub/5-HnsdFs7UNGm-OOt5yEYjxJXLkF8zG-Ffqv9SkAwGWbLeR8lL3CE3TA0Tt_ldF6OPJruZMT1LoBGyzndDMBQlC7GIBFPIBYg1AUjB?X-Nexus-New-Client=true&X-Nexus-Version=0.18.5&user_role=user' failed:  @ https://js.intercomcdn.com/vendor-modern.739062aa.js:1
[  376681ms] [ERROR] WebSocket connection to 'wss://nexus-websocket-a.intercom.io/pubsub/5-HnsdFs7UNGm-OOt5yEYjxJXLkF8zG-Ffqv9SkAwGWbLeR8lL3CE3TA0Tt_ldF6OPJruZMT1LoBGyzndDMBQlC7GIBFPIBYg1AUjB?X-Nexus-New-Client=true&X-Nexus-Version=0.18.5&user_role=user' failed:  @ https://js.intercomcdn.com/vendor-modern.739062aa.js:1
